<?xml version="1.0" encoding="UTF-8"?>
<testng-results total="1" passed="1" failed="0" skipped="0">
  <reporter-output>
  </reporter-output>
  <suite started-at="2019-10-07T05:55:54Z" name="Default suite" finished-at="2019-10-07T05:56:09Z" duration-ms="15402">
    <groups>
    </groups>
    <test started-at="2019-10-07T05:55:54Z" name="Default test" finished-at="2019-10-07T05:56:09Z" duration-ms="15402">
      <class name="com.hiver.assignement.Assignement2">
        <test-method is-config="true" signature="setup()[pri:0, instance:com.hiver.assignement.Assignement2@2d2e5f00]" started-at="2019-10-07T11:25:54Z" name="setup" finished-at="2019-10-07T11:25:55Z" duration-ms="1650" status="PASS">
          <reporter-output>
          </reporter-output>
        </test-method> <!-- setup -->
        <test-method signature="comparePriceBetweenAmazonAndFlipkart()[pri:0, instance:com.hiver.assignement.Assignement2@2d2e5f00]" started-at="2019-10-07T11:25:55Z" name="comparePriceBetweenAmazonAndFlipkart" finished-at="2019-10-07T11:26:09Z" duration-ms="13609" status="PASS">
          <reporter-output>
          </reporter-output>
        </test-method> <!-- comparePriceBetweenAmazonAndFlipkart -->
        <test-method is-config="true" signature="tearDown()[pri:0, instance:com.hiver.assignement.Assignement2@2d2e5f00]" started-at="2019-10-07T11:26:09Z" name="tearDown" finished-at="2019-10-07T11:26:09Z" duration-ms="134" status="PASS">
          <reporter-output>
          </reporter-output>
        </test-method> <!-- tearDown -->
      </class> <!-- com.hiver.assignement.Assignement2 -->
    </test> <!-- Default test -->
  </suite> <!-- Default suite -->
</testng-results>
